[debug] [2025-12-29T00:39:33.807Z] ----------------------------------------------------------------------
[debug] [2025-12-29T00:39:33.809Z] Command:       C:\Program Files\nodejs\node.exe C:\Users\김태헌\AppData\Roaming\npm\node_modules\firebase-tools\lib\bin\firebase.js functions:shell
[debug] [2025-12-29T00:39:33.809Z] CLI Version:   15.1.0
[debug] [2025-12-29T00:39:33.809Z] Platform:      win32
[debug] [2025-12-29T00:39:33.809Z] Node Version:  v22.14.0
[debug] [2025-12-29T00:39:33.809Z] Time:          Mon Dec 29 2025 09:39:33 GMT+0900 (대한민국 표준시)
[debug] [2025-12-29T00:39:33.809Z] ----------------------------------------------------------------------
[debug] 
[debug] [2025-12-29T00:39:34.908Z] > command requires scopes: ["email","openid","https://www.googleapis.com/auth/cloudplatformprojects.readonly","https://www.googleapis.com/auth/firebase","https://www.googleapis.com/auth/cloud-platform"]
[debug] [2025-12-29T00:39:34.909Z] > authorizing via signed-in user (starblogk@gmail.com)
[debug] [2025-12-29T00:39:34.909Z] [iam] checking project my-budget-app-4d22a for permissions ["firebase.projects.get"]
[debug] [2025-12-29T00:39:34.910Z] Checked if tokens are valid: true, expires at: 1766972093354
[debug] [2025-12-29T00:39:34.910Z] Checked if tokens are valid: true, expires at: 1766972093354
[debug] [2025-12-29T00:39:34.910Z] >>> [apiv2][query] POST https://cloudresourcemanager.googleapis.com/v1/projects/my-budget-app-4d22a:testIamPermissions [none]
[debug] [2025-12-29T00:39:34.910Z] >>> [apiv2][(partial)header] POST https://cloudresourcemanager.googleapis.com/v1/projects/my-budget-app-4d22a:testIamPermissions x-goog-quota-user=projects/my-budget-app-4d22a
[debug] [2025-12-29T00:39:34.910Z] >>> [apiv2][body] POST https://cloudresourcemanager.googleapis.com/v1/projects/my-budget-app-4d22a:testIamPermissions {"permissions":["firebase.projects.get"]}
[debug] [2025-12-29T00:39:35.154Z] <<< [apiv2][status] POST https://cloudresourcemanager.googleapis.com/v1/projects/my-budget-app-4d22a:testIamPermissions 200
[debug] [2025-12-29T00:39:35.154Z] <<< [apiv2][body] POST https://cloudresourcemanager.googleapis.com/v1/projects/my-budget-app-4d22a:testIamPermissions {"permissions":["firebase.projects.get"]}
[debug] [2025-12-29T00:39:35.154Z] Emulator locator file path: C:\Users\김태헌\AppData\Local\Temp\hub-my-budget-app-4d22a.json
[debug] [2025-12-29T00:39:35.157Z] [functions] Functions Emulator only supports listening on one address (127.0.0.1). Not listening on ::1
[debug] [2025-12-29T00:39:35.168Z] defaultcredentials: writing to file C:\Users\김태헌\AppData\Roaming\firebase\starblogk_gmail_com_application_default_credentials.json
[debug] [2025-12-29T00:39:35.169Z] DEBUG: Setting GAC to C:\Users\김태헌\AppData\Roaming\firebase\starblogk_gmail_com_application_default_credentials.json
[debug] [2025-12-29T00:39:35.170Z] Checked if tokens are valid: true, expires at: 1766972093354
[debug] [2025-12-29T00:39:35.170Z] Checked if tokens are valid: true, expires at: 1766972093354
[debug] [2025-12-29T00:39:35.170Z] >>> [apiv2][query] GET https://firebase.googleapis.com/v1beta1/projects/my-budget-app-4d22a/adminSdkConfig [none]
[debug] [2025-12-29T00:39:35.545Z] <<< [apiv2][status] GET https://firebase.googleapis.com/v1beta1/projects/my-budget-app-4d22a/adminSdkConfig 200
[debug] [2025-12-29T00:39:35.545Z] <<< [apiv2][body] GET https://firebase.googleapis.com/v1beta1/projects/my-budget-app-4d22a/adminSdkConfig {"projectId":"my-budget-app-4d22a","storageBucket":"my-budget-app-4d22a.firebasestorage.app"}
[debug] [2025-12-29T00:39:35.554Z] [functions] Watching "D:\work\Personal\my-budget-app\functions" for Cloud Functions...
[debug] [2025-12-29T00:39:35.557Z] Validating nodejs source
[debug] [2025-12-29T00:39:36.618Z] > [functions] package.json contents: {
  "name": "functions",
  "description": "Cloud Functions for Firebase",
  "scripts": {
    "serve": "firebase emulators:start --only functions",
    "shell": "firebase functions:shell",
    "start": "npm run shell",
    "deploy": "firebase deploy --only functions",
    "logs": "firebase functions:log"
  },
  "engines": {
    "node": "20"
  },
  "main": "index.js",
  "dependencies": {
    "firebase-admin": "^13.6.0",
    "firebase-functions": "^7.0.0",
    "lz-string": "^1.5.0"
  },
  "devDependencies": {
    "firebase-functions-test": "^3.4.1"
  },
  "private": true
}
[debug] [2025-12-29T00:39:36.619Z] Building nodejs source
[debug] [2025-12-29T00:39:36.619Z] Failed to find version of module node: reached end of search path D:\work\Personal\my-budget-app\functions\node_modules
[warn] !  functions: Your requested "node" version "20" doesn't match your global version "22". Using node@22 from host. 
[debug] [2025-12-29T00:39:36.620Z] Could not find functions.yaml. Must use http discovery
[debug] [2025-12-29T00:39:36.625Z] Found firebase-functions binary at 'D:\work\Personal\my-budget-app\functions\node_modules\.bin\firebase-functions'
[info] Serving at port 8576

[debug] [2025-12-29T00:39:37.241Z] Got response from /__/functions.yaml {"endpoints":{"uploadSyncData":{"availableMemoryMb":1024,"timeoutSeconds":null,"minInstances":null,"maxInstances":null,"ingressSettings":null,"concurrency":null,"serviceAccountEmail":null,"vpc":null,"platform":"gcfv2","region":["asia-northeast3"],"labels":{},"httpsTrigger":{},"entryPoint":"uploadSyncData"},"downloadSyncData":{"availableMemoryMb":1024,"timeoutSeconds":null,"minInstances":null,"maxInstances":null,"ingressSettings":null,"concurrency":null,"serviceAccountEmail":null,"vpc":null,"platform":"gcfv2","region":["asia-northeast3"],"labels":{},"httpsTrigger":{},"entryPoint":"downloadSyncData"}},"specVersion":"v1alpha1","requiredAPIs":[],"extensions":{}}
